<?xml version="1.0" encoding="UTF-8"?>
<!-- Generated by org.testng.reporters.JUnitReportReporter -->
<testsuite hostname="DESKTOP-7VDSII0" failures="0" tests="3" name="selenium_practice.TestNG_practice" time="0.026" errors="0" timestamp="2024-06-11T16:54:11 IST" skipped="1">
  <testcase classname="selenium_practice.TestNG_practice" name="session1" time="0.017"/>
  <system-out/>
  <testcase classname="selenium_practice.TestNG_practice" name="session2" time="0.009"/>
  <system-out/>
  <testcase classname="selenium_practice.TestNG_practice" name="session3">
    <skipped/>
  </testcase> <!-- session3 -->
  <system-out/>
</testsuite> <!-- selenium_practice.TestNG_practice -->
