<?xml version="1.0" encoding="UTF-8"?>
<!-- Generated by org.testng.reporters.JUnitReportReporter -->
<testsuite hostname="DESKTOP-7VDSII0" failures="0" tests="1" name="selenium_practice.Testng_practice2" time="0.018" errors="0" timestamp="2024-06-11T16:16:28 IST" skipped="0">
  <testcase classname="selenium_practice.Testng_practice2" name="method2" time="0.018"/>
  <system-out/>
</testsuite> <!-- selenium_practice.Testng_practice2 -->
