<?xml version="1.0" encoding="UTF-8"?>
<!-- Generated by org.testng.reporters.JUnitReportReporter -->
<testsuite hostname="DESKTOP-C614HCB" failures="0" tests="2" name="TestNG.Annotation_type" time="0.036" errors="0" timestamp="2023-08-17T19:26:36 IST" skipped="0">
  <testcase classname="TestNG.Annotation_type" name="Testcase1" time="0.029"/>
  <testcase classname="TestNG.Annotation_type" name="Testcase2" time="0.007"/>
</testsuite> <!-- TestNG.Annotation_type -->
