<?xml version="1.0" encoding="UTF-8"?>
<!-- Generated by org.testng.reporters.JUnitReportReporter -->
<testsuite hostname="DESKTOP-C614HCB" failures="0" tests="6" name="Testcases.DDFramworkType1" time="167.147" errors="0" timestamp="2023-09-20T21:14:21 IST" skipped="0">
  <testcase classname="Testcases.DDFramworkType1" name="Flightsearch" time="41.617"/>
  <testcase classname="Testcases.DDFramworkType1" name="Flightsearch" time="48.422"/>
  <testcase classname="Testcases.DDFramworkType1" name="Flightsearch" time="40.309"/>
  <testcase classname="Testcases.DDFramworkType1" name="Flightsearchwithinvalid" time="12.341"/>
  <testcase classname="Testcases.DDFramworkType1" name="Flightsearchwithinvalid" time="12.207"/>
  <testcase classname="Testcases.DDFramworkType1" name="Flightsearchwithinvalid" time="12.251"/>
</testsuite> <!-- Testcases.DDFramworkType1 -->
