<?xml version="1.0" encoding="UTF-8"?>
<!-- Generated by org.testng.reporters.JUnitReportReporter -->
<testsuite hostname="DESKTOP-C614HCB" failures="0" tests="1" name="Testcases.Testcase_url" time="46.796" errors="0" timestamp="2023-08-28T20:47:42 IST" skipped="0">
  <testcase classname="Testcases.Testcase_url" name="Flightsearch" time="46.796"/>
</testsuite> <!-- Testcases.Testcase_url -->
