<?xml version="1.0" encoding="UTF-8"?>
<!-- Generated by org.testng.reporters.JUnitReportReporter -->
<testsuite hostname="DESKTOP-C614HCB" failures="0" tests="1" name="TestNG.Testng_conversion2" time="0.010" errors="0" timestamp="2023-08-17T19:53:23 IST" skipped="0">
  <testcase classname="TestNG.Testng_conversion2" name="Testcase3" time="0.010"/>
</testsuite> <!-- TestNG.Testng_conversion2 -->
